make all --print-data-base --no-builtin-variables --no-builtin-rules --question
# GNU Make 4.2.1
# Built for x86_64-pc-linux-gnu
# Copyright (C) 1988-2016 Free Software Foundation, Inc.
# License GPLv3+: GNU GPL version 3 or later <http://gnu.org/licenses/gpl.html>
# This is free software: you are free to change and redistribute it.
# There is NO WARRANTY, to the extent permitted by law.

# Make data base, printed on Wed May 18 15:48:42 2022

# Variables

# 'override' directive
GNUMAKEFLAGS := 
# automatic
<D = $(patsubst %/,%,$(dir $<))
# automatic
?F = $(notdir $?)
# environment
DESKTOP_SESSION = ubuntu
# default
.SHELLFLAGS := -c
# environment
XDG_SESSION_CLASS = user
# environment
SNAP_COMMON = /var/snap/code/common
# environment
XDG_SESSION_TYPE = x11
# environment
VSCODE_LOG_NATIVE = false
# automatic
?D = $(patsubst %/,%,$(dir $?))
# environment
IM_CONFIG_PHASE = 1
# automatic
@D = $(patsubst %/,%,$(dir $@))
# environment
XAUTHORITY = /run/user/1000/gdm/Xauthority
# environment
GDMSESSION = ubuntu
# environment
XMODIFIERS = @im=ibus
# makefile
CURDIR := /home/ldk/Рабочий стол/BMSTU-IU7/6 семестр/Операционные системы/Лабораторные работы/Лабораторная работа 3
# makefile
SHELL = /bin/sh
 
make: *** No rule to make target 'all'.  Stop.

# environment
SNAP_DATA = /var/snap/code/96
# environment
VSCODE_NLS_CONFIG = {"locale":"ru","availableLanguages":{},"_languagePackSupport":true}
# environment
JOURNAL_STREAM = 8:47476
# environment
XDG_CONFIG_DIRS = /etc/xdg/xdg-ubuntu:/etc/xdg
# environment
SNAP_INSTANCE_NAME = code
# environment
SNAP_ARCH = amd64
# makefile
MAKEFILE_LIST := 
# automatic
@F = $(notdir $@)
# environment
GIO_LAUNCHED_DESKTOP_FILE = /var/lib/snapd/desktop/applications/code_code.desktop
# environment
USERNAME = ldk
# environment
XDG_DATA_DIRS = /usr/share/ubuntu:/usr/local/share/:/usr/share/:/var/lib/snapd/desktop
# environment
DBUS_SESSION_BUS_ADDRESS = unix:path=/run/user/1000/bus,guid=487ca38129365be9126783956285011c
# environment
VSCODE_VERBOSE_LOGGING = true
# environment
_ = /snap/code/96/usr/share/code/code
# environment
MANAGERPID = 1519
# environment
LESSOPEN = | /usr/bin/lesspipe %s
# environment
VSCODE_CWD = /home/ldk
# environment
GSETTINGS_SCHEMA_DIR = /snap/code/96/usr/share/glib-2.0/schemas
# default
MAKE_HOST := x86_64-pc-linux-gnu
# environment
PATH = /home/ldk/.local/bin:/home/ldk/.local/bin:/usr/local/sbin:/usr/local/bin:/usr/sbin:/usr/bin:/sbin:/bin:/usr/games:/usr/local/games:/snap/bin
# environment
GPG_AGENT_INFO = /run/user/1000/gnupg/S.gpg-agent:0:1
# environment
SESSION_MANAGER = local/ldk-Ubuntu:@/tmp/.ICE-unix/1741,unix/ldk-Ubuntu:/tmp/.ICE-unix/1741
# environment
XDG_RUNTIME_DIR = /run/user/1000
# environment
GDK_PIXBUF_MODULE_FILE = /home/ldk/snap/code/common/.cache/gdk-pixbuf-loaders.cache
# environment
SNAP = /snap/code/96
# environment
SNAP_VERSION = da15b6fd
# environment
XDG_MENU_PREFIX = gnome-
# environment
VSCODE_LOG_STACK = false
# environment
DISABLE_WAYLAND = 1
# environment
ELECTRON_RUN_AS_NODE = 1
# environment
INVOCATION_ID = d35794eeee60466c81e7c488d1b066b2
# environment
GDK_PIXBUF_MODULEDIR = /snap/code/96/usr/lib/x86_64-linux-gnu/gdk-pixbuf-2.0/2.10.0/loaders
# default
.FEATURES := target-specific order-only second-expansion else-if shortest-stem undefine oneshell archives jobserver output-sync check-symlink load
# environment
LS_COLORS = 
# environment
XDG_SESSION_DESKTOP = ubuntu
# environment
SSH_AUTH_SOCK = /run/user/1000/keyring/ssh
# environment
GIO_LAUNCHED_DESKTOP_FILE_PID = 4812
# automatic
%F = $(notdir $%)
# environment
DISPLAY = :0
# environment
VSCODE_PIPE_LOGGING = true
# environment
SNAP_INSTANCE_KEY = 
# environment
PWD = /home/ldk/Рабочий стол/BMSTU-IU7/6 семестр/Операционные системы/Лабораторные работы/Лабораторная работа 3
# default
.LOADED := 
# environment
SSH_AGENT_PID = 1697
# environment
ORIGINAL_XDG_CURRENT_DESKTOP = ubuntu:GNOME
# environment
GTK_MODULES = gail:atk-bridge
# environment
VSCODE_AMD_ENTRYPOINT = vs/workbench/api/node/extensionHostProcess
# environment
HOME = /home/ldk
# environment
LESSCLOSE = /usr/bin/lesspipe %s %s
# environment
VSCODE_CLI = 1
# environment
VSCODE_CODE_CACHE_PATH = /home/ldk/.config/Code/CachedData/da15b6fd3ef856477bf6f4fb29ba1b7af717770d
# environment
LOGNAME = ldk
# environment
APPLICATION_INSIGHTS_NO_DIAGNOSTIC_CHANNEL = true
# environment
SNAP_LIBRARY_PATH = /var/lib/snapd/lib/gl:/var/lib/snapd/lib/gl32:/var/lib/snapd/void
# environment
SNAP_CONTEXT = dLq6mbcu9BE23HaE9-LsEQYNfJFgS4_HoZCDsChb-FP_R-93pb5E
# environment
ELECTRON_NO_ATTACH_CONSOLE = 1
# environment
SNAP_USER_COMMON = /home/ldk/snap/code/common
# environment
VSCODE_HANDLES_UNCAUGHT_ERRORS = true
# environment
GNOME_DESKTOP_SESSION_ID = this-is-deprecated
# automatic
^D = $(patsubst %/,%,$(dir $^))
# environment
MAKELEVEL := 0
# environment
SNAP_REAL_HOME = /home/ldk
# default
MAKE = $(MAKE_COMMAND)
# default
MAKECMDGOALS := all
# environment
QT_IM_MODULE = ibus
# environment
SNAP_USER_DATA = /home/ldk/snap/code/96
# environment
SHLVL = 0
# environment
GNOME_SHELL_SESSION_MODE = ubuntu
# environment
VSCODE_IPC_HOOK_EXTHOST = /run/user/1000/vscode-ipc-3bcf98ff-89d1-4350-af8f-d593498219b0.sock
# default
MAKE_VERSION := 4.2.1
# environment
USER = ldk
# environment
SNAP_REVISION = 96
# makefile
.DEFAULT_GOAL := 
# environment
XDG_CURRENT_DESKTOP = Unity
# automatic
%D = $(patsubst %/,%,$(dir $%))
# default
MAKE_COMMAND := make
# default
.VARIABLES := 
# automatic
*F = $(notdir $*)
# environment
VSCODE_IPC_HOOK = /run/user/1000/vscode-7d0b4055-1.67.1-main.sock
# environment
BAMF_DESKTOP_FILE_HINT = /var/lib/snapd/desktop/applications/code_code.desktop
# makefile
MAKEFLAGS = pqrR
# environment
MFLAGS = -pqrR
# automatic
*D = $(patsubst %/,%,$(dir $*))
# automatic
+D = $(patsubst %/,%,$(dir $+))
# environment
GDK_BACKEND = x11
# automatic
+F = $(notdir $+)
# environment
QT_ACCESSIBILITY = 1
# default
MAKEFILES := 
# environment
SNAP_COOKIE = dLq6mbcu9BE23HaE9-LsEQYNfJFgS4_HoZCDsChb-FP_R-93pb5E
# automatic
<F = $(notdir $<)
# environment
SNAP_NAME = code
# environment
LC_ALL = C
# environment
DBUS_STARTER_BUS_TYPE = session
# automatic
^F = $(notdir $^)
# default
SUFFIXES := 
# environment
SNAP_REEXEC = 
# environment
CHROME_DESKTOP = code-url-handler.desktop
# environment
WINDOWPATH = 2
# default
.INCLUDE_DIRS = /usr/include /usr/local/include /usr/include
# default
.RECIPEPREFIX := 
# environment
LANG = C
# environment
VSCODE_PID = 4861
# environment
DBUS_STARTER_ADDRESS = unix:path=/run/user/1000/bus,guid=487ca38129365be9126783956285011c
# variable set hash-table stats:
# Load=120/1024=12%, Rehash=0, Collisions=18/142=13%

# Pattern-specific Variable Values

# No pattern-specific variable values.

# Directories

# . (device 2052, inode 4720498): 5 files, no impossibilities.

# 5 files, no impossibilities in 1 directories.

# Implicit Rules

# No implicit rules.

# Files

# Not a target:
all:
#  Command line target.
#  Implicit rule search has been done.
#  File does not exist.
#  File has not been updated.

# Not a target:
Makefile:
#  Implicit rule search has been done.
#  File does not exist.
#  File has been updated.
#  Failed to be updated.

# Not a target:
makefile:
#  Implicit rule search has been done.
#  File does not exist.
#  File has been updated.
#  Failed to be updated.

# Not a target:
.DEFAULT:
#  Implicit rule search has not been done.
#  Modification time never checked.
#  File has not been updated.

# Not a target:
GNUmakefile:
#  Implicit rule search has been done.
#  File does not exist.
#  File has been updated.
#  Failed to be updated.

# files hash-table stats:
# Load=6/1024=1%, Rehash=0, Collisions=0/15=0%
# VPATH Search Paths

# No 'vpath' search paths.

# No general ('VPATH' variable) search path.

# strcache buffers: 1 (0) / strings = 13 / storage = 114 B / avg = 8 B
# current buf: size = 8162 B / used = 114 B / count = 13 / avg = 8 B

# strcache performance: lookups = 16 / hit rate = 18%
# hash-table stats:
# Load=13/8192=0%, Rehash=0, Collisions=1/16=6%
# Finished Make data base on Wed May 18 15:48:42 2022

 
